[206495:206495:0707/070802.638447:WARNING:account_consistency_mode_manager.cc(64)] Desktop Identity Consistency cannot be enabled as no OAuth client ID and client secret have been configured.
[206523:206523:0707/070802.725786:ERROR:sandbox_linux.cc(374)] InitializeSandbox() called with multiple threads in process gpu-process.
[206495:206495:0707/070803.056141:WARNING:CONSOLE(0)] "The page delivered both an 'X-Frame-Options' header and a 'Content-Security-Policy' header with a 'frame-ancestors' directive. Although the 'X-Frame-Options' header alone would have blocked embedding, it has been ignored.", source: chrome-untrusted://new-tab-page/custom_background_image?url= (0)
[206495:206495:0707/070803.571187:WARNING:CONSOLE(0)] "The page delivered both an 'X-Frame-Options' header and a 'Content-Security-Policy' header with a 'frame-ancestors' directive. Although the 'X-Frame-Options' header alone would have blocked embedding, it has been ignored.", source: chrome-untrusted://new-tab-page/one-google-bar?paramsencoded= (0)
[206495:206495:0707/070804.028966:WARNING:CONSOLE(0)] "Error with Feature-Policy header: Origin trial controlled feature not enabled: 'display-capture'.", source:  (0)
[206495:206495:0707/070804.029082:WARNING:CONSOLE(0)] "Error with Feature-Policy header: Unrecognized feature: 'speaker'.", source:  (0)
[206495:206495:0707/070806.198394:INFO:CONSOLE(1)] "pdst already configured.", source: https://cdn.pdst.fm/ping.min.js (1)
[206495:206495:0707/070816.177729:INFO:CONSOLE(0)] "Error with Feature-Policy header: Origin trial controlled feature not enabled: 'display-capture'.", source:  (0)
[206495:206495:0707/070816.177816:INFO:CONSOLE(0)] "Error with Feature-Policy header: Unrecognized feature: 'speaker'.", source:  (0)
[206495:206495:0707/070817.667169:INFO:CONSOLE(1)] "Wed Jul 07 2021 07:08:17 GMT+0600 (Bangladesh Standard Time) Atmosphere: beforeunload event", source: https://assets.static-upwork.com/components/12.19.1/core.12.19.1.air2.min.js (1)
[206495:206495:0707/070818.005774:INFO:CONSOLE(1)] "Wed Jul 07 2021 07:08:18 GMT+0600 (Bangladesh Standard Time) Atmosphere: beforeunload event", source: https://assets.static-upwork.com/dash-api/1.2.0/dash-api.min.js (1)
[206495:206495:0707/070819.519239:INFO:CONSOLE(1)] "Wed Jul 07 2021 07:08:19 GMT+0600 (Bangladesh Standard Time) Atmosphere: unload event", source: https://assets.static-upwork.com/components/12.19.1/core.12.19.1.air2.min.js (1)
[206495:206495:0707/070819.519572:INFO:CONSOLE(1)] "Wed Jul 07 2021 07:08:19 GMT+0600 (Bangladesh Standard Time) Atmosphere: unload event", source: https://assets.static-upwork.com/dash-api/1.2.0/dash-api.min.js (1)
[206495:206495:0707/070819.542595:INFO:CONSOLE(0)] "Error with Feature-Policy header: Origin trial controlled feature not enabled: 'display-capture'.", source:  (0)
[206495:206495:0707/070819.542788:INFO:CONSOLE(0)] "Error with Feature-Policy header: Unrecognized feature: 'speaker'.", source:  (0)
[206495:206495:0707/070824.193768:INFO:CONSOLE(1)] "Wed Jul 07 2021 07:08:24 GMT+0600 (Bangladesh Standard Time) Atmosphere: beforeunload event", source: https://assets.static-upwork.com/dash-api/1.2.2/dash-api.min.js (1)
[206495:206495:0707/070825.178869:INFO:CONSOLE(1)] "Wed Jul 07 2021 07:08:25 GMT+0600 (Bangladesh Standard Time) Atmosphere: unload event", source: https://assets.static-upwork.com/dash-api/1.2.2/dash-api.min.js (1)
[206495:206495:0707/070825.195959:INFO:CONSOLE(0)] "Error with Feature-Policy header: Origin trial controlled feature not enabled: 'display-capture'.", source:  (0)
[206495:206495:0707/070825.196160:INFO:CONSOLE(0)] "Error with Feature-Policy header: Unrecognized feature: 'speaker'.", source:  (0)
[206525:206549:0707/070826.262444:WARNING:spdy_session.cc(3526)] Received HEADERS for invalid stream 7
[206495:206495:0707/070826.653411:INFO:CONSOLE(0)] "Error with Feature-Policy header: Origin trial controlled feature not enabled: 'display-capture'.", source:  (0)
[206495:206495:0707/070826.653515:INFO:CONSOLE(0)] "Error with Feature-Policy header: Unrecognized feature: 'speaker'.", source:  (0)
[206495:206495:0707/070826.660219:INFO:CONSOLE(0)] "The page delivered both an 'X-Frame-Options' header and a 'Content-Security-Policy' header with a 'frame-ancestors' directive. Although the 'X-Frame-Options' header alone would have blocked embedding, it has been ignored.", source: https://www.upwork.com/messages/rooms/room_b0ef198f392271acd9d6bde3ec305810/widget?orgId=1382265571135848449#widget:room_b0ef198f392271acd9d6bde3ec305810:video,files (0)
[206495:206495:0707/070828.428698:INFO:CONSOLE(30453)] "SharedArrayBuffer will require cross-origin isolation as of M92, around July 2021. See https://developer.chrome.com/blog/enabling-shared-array-buffer/ for more details.", source: https://assets.static-upwork.com/nwp/rev-4070421/node_modules/twilio-video/dist/twilio-video.js?v=dash-4070421 (30453)
[206495:206495:0707/070828.581457:INFO:CONSOLE(1)] "Dash web client version: dash-4070421", source: https://assets.static-upwork.com/nwp/rev-4070421/components/common/common-run.js?v=dash-4070421 (1)
[206495:206495:0707/070828.582808:INFO:CONSOLE(1)] "camelCase syntax for events name (in $emit function) will be deprecated in a future release.
Please, make sure to use kebab-case syntax when emitting events from Vue.", source: https://assets.static-upwork.com/nwp/rev-4070421/node_modules/ngVue/build/index.js?v=dash-4070421 (1)
[206495:206495:0707/070828.600142:INFO:CONSOLE(1)] "Page is not currently visible. Initial room load metrics will be disregarded.", source: https://assets.static-upwork.com/nwp/rev-4070421/app.js?v=dash-4070421 (1)
[206495:206495:0707/070828.794172:INFO:CONSOLE(1)] "Intentionally excluded this load timing sample", source: https://assets.static-upwork.com/nwp/rev-4070421/bower_components/angular/angular.min.js?v=dash-4070421 (1)
[206495:206495:0707/070831.992166:INFO:CONSOLE(0)] "Error with Feature-Policy header: Origin trial controlled feature not enabled: 'display-capture'.", source:  (0)
[206495:206495:0707/070831.992259:INFO:CONSOLE(0)] "Error with Feature-Policy header: Unrecognized feature: 'speaker'.", source:  (0)
[206495:206495:0707/070832.001728:INFO:CONSOLE(0)] "Error with Feature-Policy header: Origin trial controlled feature not enabled: 'display-capture'.", source:  (0)
[206495:206495:0707/070832.001804:INFO:CONSOLE(0)] "Error with Feature-Policy header: Unrecognized feature: 'speaker'.", source:  (0)
[206495:206495:0707/070832.020942:INFO:CONSOLE(0)] "Error with Feature-Policy header: Origin trial controlled feature not enabled: 'display-capture'.", source:  (0)
[206495:206495:0707/070832.021054:INFO:CONSOLE(0)] "Error with Feature-Policy header: Unrecognized feature: 'speaker'.", source:  (0)
[206495:206495:0707/070832.025427:INFO:CONSOLE(0)] "Error with Feature-Policy header: Origin trial controlled feature not enabled: 'display-capture'.", source:  (0)
[206495:206495:0707/070832.025677:INFO:CONSOLE(0)] "Error with Feature-Policy header: Unrecognized feature: 'speaker'.", source:  (0)
[206495:206495:0707/070832.095875:INFO:CONSOLE(0)] "Error with Feature-Policy header: Origin trial controlled feature not enabled: 'display-capture'.", source:  (0)
[206495:206495:0707/070832.095951:INFO:CONSOLE(0)] "Error with Feature-Policy header: Unrecognized feature: 'speaker'.", source:  (0)
[206495:206495:0707/070832.109843:INFO:CONSOLE(0)] "Error with Feature-Policy header: Origin trial controlled feature not enabled: 'display-capture'.", source:  (0)
[206495:206495:0707/070832.110175:INFO:CONSOLE(0)] "Error with Feature-Policy header: Unrecognized feature: 'speaker'.", source:  (0)
[206495:206495:0707/070832.504242:INFO:CONSOLE(3)] "Uncaught NetworkError: Failed to execute 'importScripts' on 'WorkerGlobalScope': The script at 'https://www.upwork.com/static/nwp/rev-4070421/node_modules/@upwork/jailed/lib/_pluginWebWorker.js' failed to load.", source: blob:null/25061c95-cc12-45d5-b0e4-b9a2b71b393a (3)
[206495:206495:0707/070832.512999:INFO:CONSOLE(3)] "Uncaught NetworkError: Failed to execute 'importScripts' on 'WorkerGlobalScope': The script at 'https://www.upwork.com/static/nwp/rev-4070421/node_modules/@upwork/jailed/lib/_pluginWebWorker.js' failed to load.", source: blob:null/db02dcdd-6fa7-4e6f-a4f5-30e6e52e8f85 (3)
[206495:206495:0707/070832.518439:INFO:CONSOLE(3)] "Uncaught NetworkError: Failed to execute 'importScripts' on 'WorkerGlobalScope': The script at 'https://www.upwork.com/static/nwp/rev-4070421/node_modules/@upwork/jailed/lib/_pluginWebWorker.js' failed to load.", source: blob:null/4cf506fb-500f-46e6-b455-b0b5ca30e40d (3)
[206525:206549:0707/070832.589396:WARNING:spdy_session.cc(3526)] Received HEADERS for invalid stream 201
[206525:206549:0707/070832.589468:WARNING:spdy_session.cc(3526)] Received HEADERS for invalid stream 205
[206525:206549:0707/070832.589511:WARNING:spdy_session.cc(3526)] Received HEADERS for invalid stream 203
[206495:206495:0707/070832.753393:INFO:CONSOLE(1)] "Getting Room using %s.getRoom upRoomApiWorker", source: https://assets.static-upwork.com/nwp/rev-4070421/components/room/room-api-service.js?v=dash-4070421 (1)
[206495:206495:0707/070833.795757:INFO:CONSOLE(1)] "preloading room users and stories...", source: https://assets.static-upwork.com/nwp/rev-4070421/rooms/rooms-controller.js?v=dash-4070421 (1)
[206495:206495:0707/070833.795862:INFO:CONSOLE(1)] "# rooms to be preloaded: %s of %s 20 1", source: https://assets.static-upwork.com/nwp/rev-4070421/rooms/rooms-controller.js?v=dash-4070421 (1)
[206495:206495:0707/070833.796606:INFO:CONSOLE(1)] "preloaded "%s" (%s/%s) Mark Mooradian 0 20", source: https://assets.static-upwork.com/nwp/rev-4070421/rooms/rooms-controller.js?v=dash-4070421 (1)
[206495:206495:0707/070833.853757:INFO:CONSOLE(16)] "Wed Jul 07 2021 07:08:33 GMT+0600 (Bangladesh Standard Time) Atmosphere: beforeunload event", source: https://www.upwork.com/ab/assets/JobProposals/a2db237/js/a60dfcb.js (16)
[206495:206495:0707/070833.966884:INFO:CONSOLE(1)] "Wed Jul 07 2021 07:08:33 GMT+0600 (Bangladesh Standard Time) Atmosphere: beforeunload event", source: https://assets.static-upwork.com/dash-api/1.2.0/dash-api.min.js (1)
[206495:206495:0707/070833.967456:INFO:CONSOLE(1)] "Wed Jul 07 2021 07:08:33 GMT+0600 (Bangladesh Standard Time) Atmosphere: beforeunload event", source: https://assets.static-upwork.com/nwp/rev-4070421/node_modules/atmosphere.js/lib/atmosphere.js?v=dash-4070421 (1)
[206495:206495:0707/070835.402747:INFO:CONSOLE(16)] "Wed Jul 07 2021 07:08:35 GMT+0600 (Bangladesh Standard Time) Atmosphere: unload event", source: https://www.upwork.com/ab/assets/JobProposals/a2db237/js/a60dfcb.js (16)
[206495:206495:0707/070835.403012:INFO:CONSOLE(1)] "Wed Jul 07 2021 07:08:35 GMT+0600 (Bangladesh Standard Time) Atmosphere: unload event", source: https://assets.static-upwork.com/dash-api/1.2.0/dash-api.min.js (1)
[206495:206495:0707/070835.410370:INFO:CONSOLE(1)] "Wed Jul 07 2021 07:08:35 GMT+0600 (Bangladesh Standard Time) Atmosphere: unload event", source: https://assets.static-upwork.com/nwp/rev-4070421/node_modules/atmosphere.js/lib/atmosphere.js?v=dash-4070421 (1)
[206495:206495:0707/070835.462622:INFO:CONSOLE(0)] "Error with Feature-Policy header: Origin trial controlled feature not enabled: 'display-capture'.", source:  (0)
[206495:206495:0707/070835.462691:INFO:CONSOLE(0)] "Error with Feature-Policy header: Unrecognized feature: 'speaker'.", source:  (0)
[206495:206495:0707/070841.560200:INFO:CONSOLE(16)] "Wed Jul 07 2021 07:08:41 GMT+0600 (Bangladesh Standard Time) Atmosphere: beforeunload event", source: https://www.upwork.com/ab/assets/JobProposals/a2db237/js/a60dfcb.js (16)
[206495:206495:0707/070841.663348:INFO:CONSOLE(1)] "Wed Jul 07 2021 07:08:41 GMT+0600 (Bangladesh Standard Time) Atmosphere: beforeunload event", source: https://assets.static-upwork.com/dash-api/1.2.0/dash-api.min.js (1)
[206495:206495:0707/070842.707537:INFO:CONSOLE(16)] "Wed Jul 07 2021 07:08:42 GMT+0600 (Bangladesh Standard Time) Atmosphere: unload event", source: https://www.upwork.com/ab/assets/JobProposals/a2db237/js/a60dfcb.js (16)
[206495:206495:0707/070842.707620:INFO:CONSOLE(1)] "Wed Jul 07 2021 07:08:42 GMT+0600 (Bangladesh Standard Time) Atmosphere: unload event", source: https://assets.static-upwork.com/dash-api/1.2.0/dash-api.min.js (1)
[206495:206495:0707/070842.721534:INFO:CONSOLE(0)] "Error with Feature-Policy header: Origin trial controlled feature not enabled: 'display-capture'.", source:  (0)
[206495:206495:0707/070842.721817:INFO:CONSOLE(0)] "Error with Feature-Policy header: Unrecognized feature: 'speaker'.", source:  (0)
[206495:206495:0707/070843.907182:INFO:CONSOLE(0)] "Error with Feature-Policy header: Origin trial controlled feature not enabled: 'display-capture'.", source:  (0)
[206495:206495:0707/070843.907383:INFO:CONSOLE(0)] "Error with Feature-Policy header: Unrecognized feature: 'speaker'.", source:  (0)
[206495:206495:0707/070843.911689:INFO:CONSOLE(0)] "The page delivered both an 'X-Frame-Options' header and a 'Content-Security-Policy' header with a 'frame-ancestors' directive. Although the 'X-Frame-Options' header alone would have blocked embedding, it has been ignored.", source: https://www.upwork.com/messages/rooms/room_ca4cb6ba5800ef6c806e58b13c5976bd/widget?orgId=1382265571135848449#widget:room_ca4cb6ba5800ef6c806e58b13c5976bd:video,files (0)
[206495:206495:0707/070845.383226:INFO:CONSOLE(30453)] "SharedArrayBuffer will require cross-origin isolation as of M92, around July 2021. See https://developer.chrome.com/blog/enabling-shared-array-buffer/ for more details.", source: https://assets.static-upwork.com/nwp/rev-4070421/node_modules/twilio-video/dist/twilio-video.js?v=dash-4070421 (30453)
[206495:206495:0707/070845.517019:INFO:CONSOLE(1)] "Dash web client version: dash-4070421", source: https://assets.static-upwork.com/nwp/rev-4070421/components/common/common-run.js?v=dash-4070421 (1)
[206495:206495:0707/070845.517833:INFO:CONSOLE(1)] "camelCase syntax for events name (in $emit function) will be deprecated in a future release.
Please, make sure to use kebab-case syntax when emitting events from Vue.", source: https://assets.static-upwork.com/nwp/rev-4070421/node_modules/ngVue/build/index.js?v=dash-4070421 (1)
[206495:206495:0707/070845.523738:INFO:CONSOLE(1)] "Page is not currently visible. Initial room load metrics will be disregarded.", source: https://assets.static-upwork.com/nwp/rev-4070421/app.js?v=dash-4070421 (1)
[206495:206495:0707/070845.693922:INFO:CONSOLE(1)] "Intentionally excluded this load timing sample", source: https://assets.static-upwork.com/nwp/rev-4070421/bower_components/angular/angular.min.js?v=dash-4070421 (1)
[206495:206495:0707/070848.235868:INFO:CONSOLE(0)] "Error with Feature-Policy header: Origin trial controlled feature not enabled: 'display-capture'.", source:  (0)
[206495:206495:0707/070848.235953:INFO:CONSOLE(0)] "Error with Feature-Policy header: Unrecognized feature: 'speaker'.", source:  (0)
[206495:206495:0707/070848.241572:INFO:CONSOLE(0)] "Error with Feature-Policy header: Origin trial controlled feature not enabled: 'display-capture'.", source:  (0)
[206495:206495:0707/070848.241662:INFO:CONSOLE(0)] "Error with Feature-Policy header: Unrecognized feature: 'speaker'.", source:  (0)
[206495:206495:0707/070848.259534:INFO:CONSOLE(0)] "Error with Feature-Policy header: Origin trial controlled feature not enabled: 'display-capture'.", source:  (0)
[206495:206495:0707/070848.259938:INFO:CONSOLE(0)] "Error with Feature-Policy header: Unrecognized feature: 'speaker'.", source:  (0)
[206495:206495:0707/070848.272944:INFO:CONSOLE(0)] "Error with Feature-Policy header: Origin trial controlled feature not enabled: 'display-capture'.", source:  (0)
[206495:206495:0707/070848.273064:INFO:CONSOLE(0)] "Error with Feature-Policy header: Unrecognized feature: 'speaker'.", source:  (0)
[206495:206495:0707/070848.275458:INFO:CONSOLE(0)] "Error with Feature-Policy header: Origin trial controlled feature not enabled: 'display-capture'.", source:  (0)
[206495:206495:0707/070848.275653:INFO:CONSOLE(0)] "Error with Feature-Policy header: Unrecognized feature: 'speaker'.", source:  (0)
[206495:206495:0707/070848.282270:INFO:CONSOLE(0)] "Error with Feature-Policy header: Origin trial controlled feature not enabled: 'display-capture'.", source:  (0)
[206495:206495:0707/070848.282407:INFO:CONSOLE(0)] "Error with Feature-Policy header: Unrecognized feature: 'speaker'.", source:  (0)
[206495:206495:0707/070848.851568:INFO:CONSOLE(1)] "Getting Room using %s.getRoom upRoomApiWorker", source: https://assets.static-upwork.com/nwp/rev-4070421/components/room/room-api-service.js?v=dash-4070421 (1)
[206495:206495:0707/070849.901340:INFO:CONSOLE(1)] "preloading room users and stories...", source: https://assets.static-upwork.com/nwp/rev-4070421/rooms/rooms-controller.js?v=dash-4070421 (1)
[206495:206495:0707/070849.901442:INFO:CONSOLE(1)] "# rooms to be preloaded: %s of %s 20 1", source: https://assets.static-upwork.com/nwp/rev-4070421/rooms/rooms-controller.js?v=dash-4070421 (1)
[206495:206495:0707/070849.902741:INFO:CONSOLE(1)] "preloaded "%s" (%s/%s) Sebastian Gross 0 20", source: https://assets.static-upwork.com/nwp/rev-4070421/rooms/rooms-controller.js?v=dash-4070421 (1)
[206495:206495:0707/070850.324375:INFO:CONSOLE(16)] "Wed Jul 07 2021 07:08:50 GMT+0600 (Bangladesh Standard Time) Atmosphere: beforeunload event", source: https://www.upwork.com/ab/assets/JobProposals/a2db237/js/a60dfcb.js (16)
[206495:206495:0707/070850.437199:INFO:CONSOLE(1)] "Wed Jul 07 2021 07:08:50 GMT+0600 (Bangladesh Standard Time) Atmosphere: beforeunload event", source: https://assets.static-upwork.com/dash-api/1.2.0/dash-api.min.js (1)
[206495:206495:0707/070850.444671:INFO:CONSOLE(1)] "Wed Jul 07 2021 07:08:50 GMT+0600 (Bangladesh Standard Time) Atmosphere: beforeunload event", source: https://assets.static-upwork.com/nwp/rev-4070421/node_modules/atmosphere.js/lib/atmosphere.js?v=dash-4070421 (1)
[206495:206495:0707/070851.433613:INFO:CONSOLE(16)] "Wed Jul 07 2021 07:08:51 GMT+0600 (Bangladesh Standard Time) Atmosphere: unload event", source: https://www.upwork.com/ab/assets/JobProposals/a2db237/js/a60dfcb.js (16)
[206495:206495:0707/070851.433712:INFO:CONSOLE(1)] "Wed Jul 07 2021 07:08:51 GMT+0600 (Bangladesh Standard Time) Atmosphere: unload event", source: https://assets.static-upwork.com/dash-api/1.2.0/dash-api.min.js (1)
[206495:206495:0707/070851.438670:INFO:CONSOLE(1)] "Wed Jul 07 2021 07:08:51 GMT+0600 (Bangladesh Standard Time) Atmosphere: unload event", source: https://assets.static-upwork.com/nwp/rev-4070421/node_modules/atmosphere.js/lib/atmosphere.js?v=dash-4070421 (1)
[206495:206495:0707/070851.488134:INFO:CONSOLE(0)] "Error with Feature-Policy header: Origin trial controlled feature not enabled: 'display-capture'.", source:  (0)
[206495:206495:0707/070851.488238:INFO:CONSOLE(0)] "Error with Feature-Policy header: Unrecognized feature: 'speaker'.", source:  (0)
[206495:206495:0707/070857.837777:INFO:CONSOLE(16)] "Wed Jul 07 2021 07:08:57 GMT+0600 (Bangladesh Standard Time) Atmosphere: beforeunload event", source: https://www.upwork.com/ab/assets/JobProposals/a2db237/js/a60dfcb.js (16)
[206495:206495:0707/070857.951073:INFO:CONSOLE(1)] "Wed Jul 07 2021 07:08:57 GMT+0600 (Bangladesh Standard Time) Atmosphere: beforeunload event", source: https://assets.static-upwork.com/dash-api/1.2.0/dash-api.min.js (1)
[206495:206495:0707/070858.912546:INFO:CONSOLE(16)] "Wed Jul 07 2021 07:08:58 GMT+0600 (Bangladesh Standard Time) Atmosphere: unload event", source: https://www.upwork.com/ab/assets/JobProposals/a2db237/js/a60dfcb.js (16)
[206495:206495:0707/070858.912662:INFO:CONSOLE(1)] "Wed Jul 07 2021 07:08:58 GMT+0600 (Bangladesh Standard Time) Atmosphere: unload event", source: https://assets.static-upwork.com/dash-api/1.2.0/dash-api.min.js (1)
[206495:206495:0707/070858.924913:INFO:CONSOLE(0)] "Error with Feature-Policy header: Origin trial controlled feature not enabled: 'display-capture'.", source:  (0)
[206495:206495:0707/070858.925001:INFO:CONSOLE(0)] "Error with Feature-Policy header: Unrecognized feature: 'speaker'.", source:  (0)
[206495:206495:0707/070905.127517:INFO:CONSOLE(16)] "Wed Jul 07 2021 07:09:05 GMT+0600 (Bangladesh Standard Time) Atmosphere: beforeunload event", source: https://www.upwork.com/ab/assets/JobProposals/a2db237/js/a60dfcb.js (16)
[206495:206495:0707/070905.241016:INFO:CONSOLE(1)] "Wed Jul 07 2021 07:09:05 GMT+0600 (Bangladesh Standard Time) Atmosphere: beforeunload event", source: https://assets.static-upwork.com/dash-api/1.2.0/dash-api.min.js (1)
[206495:206495:0707/070906.147027:INFO:CONSOLE(16)] "Wed Jul 07 2021 07:09:06 GMT+0600 (Bangladesh Standard Time) Atmosphere: unload event", source: https://www.upwork.com/ab/assets/JobProposals/a2db237/js/a60dfcb.js (16)
[206495:206495:0707/070906.147112:INFO:CONSOLE(1)] "Wed Jul 07 2021 07:09:06 GMT+0600 (Bangladesh Standard Time) Atmosphere: unload event", source: https://assets.static-upwork.com/dash-api/1.2.0/dash-api.min.js (1)
[206495:206495:0707/070906.149615:INFO:CONSOLE(0)] "Error with Feature-Policy header: Origin trial controlled feature not enabled: 'display-capture'.", source:  (0)
[206495:206495:0707/070906.149685:INFO:CONSOLE(0)] "Error with Feature-Policy header: Unrecognized feature: 'speaker'.", source:  (0)
[206495:206495:0707/070907.221897:INFO:CONSOLE(0)] "Error with Feature-Policy header: Origin trial controlled feature not enabled: 'display-capture'.", source:  (0)
[206495:206495:0707/070907.223572:INFO:CONSOLE(0)] "Error with Feature-Policy header: Unrecognized feature: 'speaker'.", source:  (0)
[206495:206495:0707/070907.228088:INFO:CONSOLE(0)] "The page delivered both an 'X-Frame-Options' header and a 'Content-Security-Policy' header with a 'frame-ancestors' directive. Although the 'X-Frame-Options' header alone would have blocked embedding, it has been ignored.", source: https://www.upwork.com/messages/rooms/room_02656bc744205e4af569771c57342788/widget?orgId=1382265571135848449#widget:room_02656bc744205e4af569771c57342788:video,files (0)
[206495:206495:0707/070908.778992:INFO:CONSOLE(30453)] "SharedArrayBuffer will require cross-origin isolation as of M92, around July 2021. See https://developer.chrome.com/blog/enabling-shared-array-buffer/ for more details.", source: https://assets.static-upwork.com/nwp/rev-4070421/node_modules/twilio-video/dist/twilio-video.js?v=dash-4070421 (30453)
[206495:206495:0707/070908.978306:INFO:CONSOLE(1)] "Dash web client version: dash-4070421", source: https://assets.static-upwork.com/nwp/rev-4070421/components/common/common-run.js?v=dash-4070421 (1)
[206495:206495:0707/070908.979775:INFO:CONSOLE(1)] "camelCase syntax for events name (in $emit function) will be deprecated in a future release.
Please, make sure to use kebab-case syntax when emitting events from Vue.", source: https://assets.static-upwork.com/nwp/rev-4070421/node_modules/ngVue/build/index.js?v=dash-4070421 (1)
[206495:206495:0707/070908.993464:INFO:CONSOLE(1)] "Page is not currently visible. Initial room load metrics will be disregarded.", source: https://assets.static-upwork.com/nwp/rev-4070421/app.js?v=dash-4070421 (1)
[206495:206495:0707/070909.180511:INFO:CONSOLE(1)] "Intentionally excluded this load timing sample", source: https://assets.static-upwork.com/nwp/rev-4070421/bower_components/angular/angular.min.js?v=dash-4070421 (1)
[206495:206495:0707/070912.314862:INFO:CONSOLE(0)] "Error with Feature-Policy header: Origin trial controlled feature not enabled: 'display-capture'.", source:  (0)
[206495:206495:0707/070912.314956:INFO:CONSOLE(0)] "Error with Feature-Policy header: Unrecognized feature: 'speaker'.", source:  (0)
[206495:206495:0707/070912.321249:INFO:CONSOLE(0)] "Error with Feature-Policy header: Origin trial controlled feature not enabled: 'display-capture'.", source:  (0)
[206495:206495:0707/070912.321340:INFO:CONSOLE(0)] "Error with Feature-Policy header: Unrecognized feature: 'speaker'.", source:  (0)
[206495:206495:0707/070912.325855:INFO:CONSOLE(0)] "Error with Feature-Policy header: Origin trial controlled feature not enabled: 'display-capture'.", source:  (0)
[206495:206495:0707/070912.325946:INFO:CONSOLE(0)] "Error with Feature-Policy header: Unrecognized feature: 'speaker'.", source:  (0)
[206495:206495:0707/070912.332957:INFO:CONSOLE(0)] "Error with Feature-Policy header: Origin trial controlled feature not enabled: 'display-capture'.", source:  (0)
[206495:206495:0707/070912.333072:INFO:CONSOLE(0)] "Error with Feature-Policy header: Unrecognized feature: 'speaker'.", source:  (0)
[206495:206495:0707/070912.347154:INFO:CONSOLE(0)] "Error with Feature-Policy header: Origin trial controlled feature not enabled: 'display-capture'.", source:  (0)
[206495:206495:0707/070912.347240:INFO:CONSOLE(0)] "Error with Feature-Policy header: Unrecognized feature: 'speaker'.", source:  (0)
[206495:206495:0707/070912.349265:INFO:CONSOLE(0)] "Error with Feature-Policy header: Origin trial controlled feature not enabled: 'display-capture'.", source:  (0)
[206495:206495:0707/070912.349348:INFO:CONSOLE(0)] "Error with Feature-Policy header: Unrecognized feature: 'speaker'.", source:  (0)
[206495:206495:0707/070912.807306:INFO:CONSOLE(1)] "Getting Room using %s.getRoom upRoomApiWorker", source: https://assets.static-upwork.com/nwp/rev-4070421/components/room/room-api-service.js?v=dash-4070421 (1)
[206495:206495:0707/070913.835443:INFO:CONSOLE(1)] "preloading room users and stories...", source: https://assets.static-upwork.com/nwp/rev-4070421/rooms/rooms-controller.js?v=dash-4070421 (1)
[206495:206495:0707/070913.835629:INFO:CONSOLE(1)] "# rooms to be preloaded: %s of %s 20 1", source: https://assets.static-upwork.com/nwp/rev-4070421/rooms/rooms-controller.js?v=dash-4070421 (1)
[206495:206495:0707/070913.837057:INFO:CONSOLE(1)] "preloaded "%s" (%s/%s) Rakibul Yeasin, Dregyur 0 20", source: https://assets.static-upwork.com/nwp/rev-4070421/rooms/rooms-controller.js?v=dash-4070421 (1)
[206495:206495:0707/070923.420517:INFO:CONSOLE(16)] "Wed Jul 07 2021 07:09:23 GMT+0600 (Bangladesh Standard Time) Atmosphere: beforeunload event", source: https://www.upwork.com/ab/assets/JobProposals/a2db237/js/a60dfcb.js (16)
[206495:206495:0707/070923.429990:INFO:CONSOLE(1)] "Wed Jul 07 2021 07:09:23 GMT+0600 (Bangladesh Standard Time) Atmosphere: beforeunload event", source: https://assets.static-upwork.com/dash-api/1.2.0/dash-api.min.js (1)
[206495:206495:0707/070923.440566:INFO:CONSOLE(1)] "Wed Jul 07 2021 07:09:23 GMT+0600 (Bangladesh Standard Time) Atmosphere: beforeunload event", source: https://assets.static-upwork.com/nwp/rev-4070421/node_modules/atmosphere.js/lib/atmosphere.js?v=dash-4070421 (1)
[206495:206495:0707/070924.539879:INFO:CONSOLE(16)] "Wed Jul 07 2021 07:09:24 GMT+0600 (Bangladesh Standard Time) Atmosphere: unload event", source: https://www.upwork.com/ab/assets/JobProposals/a2db237/js/a60dfcb.js (16)
[206495:206495:0707/070924.541337:INFO:CONSOLE(1)] "Wed Jul 07 2021 07:09:24 GMT+0600 (Bangladesh Standard Time) Atmosphere: unload event", source: https://assets.static-upwork.com/dash-api/1.2.0/dash-api.min.js (1)
[206495:206495:0707/070924.547779:INFO:CONSOLE(1)] "Wed Jul 07 2021 07:09:24 GMT+0600 (Bangladesh Standard Time) Atmosphere: unload event", source: https://assets.static-upwork.com/nwp/rev-4070421/node_modules/atmosphere.js/lib/atmosphere.js?v=dash-4070421 (1)
[206495:206495:0707/070924.600761:INFO:CONSOLE(0)] "Error with Feature-Policy header: Origin trial controlled feature not enabled: 'display-capture'.", source:  (0)
[206495:206495:0707/070924.600882:INFO:CONSOLE(0)] "Error with Feature-Policy header: Unrecognized feature: 'speaker'.", source:  (0)
[206495:206495:0707/070931.071479:INFO:CONSOLE(16)] "Wed Jul 07 2021 07:09:31 GMT+0600 (Bangladesh Standard Time) Atmosphere: beforeunload event", source: https://www.upwork.com/ab/assets/JobProposals/a2db237/js/a60dfcb.js (16)
[206495:206495:0707/070931.186165:INFO:CONSOLE(1)] "Wed Jul 07 2021 07:09:31 GMT+0600 (Bangladesh Standard Time) Atmosphere: beforeunload event", source: https://assets.static-upwork.com/dash-api/1.2.0/dash-api.min.js (1)
[206495:206495:0707/070932.287585:INFO:CONSOLE(16)] "Wed Jul 07 2021 07:09:32 GMT+0600 (Bangladesh Standard Time) Atmosphere: unload event", source: https://www.upwork.com/ab/assets/JobProposals/a2db237/js/a60dfcb.js (16)
[206495:206495:0707/070932.288241:INFO:CONSOLE(1)] "Wed Jul 07 2021 07:09:32 GMT+0600 (Bangladesh Standard Time) Atmosphere: unload event", source: https://assets.static-upwork.com/dash-api/1.2.0/dash-api.min.js (1)
[206495:206495:0707/070932.303088:INFO:CONSOLE(0)] "Error with Feature-Policy header: Origin trial controlled feature not enabled: 'display-capture'.", source:  (0)
[206495:206495:0707/070932.303319:INFO:CONSOLE(0)] "Error with Feature-Policy header: Unrecognized feature: 'speaker'.", source:  (0)
[206495:206495:0707/070938.817991:INFO:CONSOLE(16)] "Wed Jul 07 2021 07:09:38 GMT+0600 (Bangladesh Standard Time) Atmosphere: beforeunload event", source: https://www.upwork.com/ab/assets/JobProposals/a2db237/js/a60dfcb.js (16)
[206495:206495:0707/070938.931493:INFO:CONSOLE(1)] "Wed Jul 07 2021 07:09:38 GMT+0600 (Bangladesh Standard Time) Atmosphere: beforeunload event", source: https://assets.static-upwork.com/dash-api/1.2.0/dash-api.min.js (1)
[206495:206495:0707/070940.630585:INFO:CONSOLE(16)] "Wed Jul 07 2021 07:09:40 GMT+0600 (Bangladesh Standard Time) Atmosphere: unload event", source: https://www.upwork.com/ab/assets/JobProposals/a2db237/js/a60dfcb.js (16)
[206495:206495:0707/070940.630682:INFO:CONSOLE(1)] "Wed Jul 07 2021 07:09:40 GMT+0600 (Bangladesh Standard Time) Atmosphere: unload event", source: https://assets.static-upwork.com/dash-api/1.2.0/dash-api.min.js (1)
[206495:206495:0707/070940.646991:INFO:CONSOLE(0)] "Error with Feature-Policy header: Origin trial controlled feature not enabled: 'display-capture'.", source:  (0)
[206495:206495:0707/070940.647057:INFO:CONSOLE(0)] "Error with Feature-Policy header: Unrecognized feature: 'speaker'.", source:  (0)
[206495:206495:0707/070947.273296:INFO:CONSOLE(16)] "Wed Jul 07 2021 07:09:47 GMT+0600 (Bangladesh Standard Time) Atmosphere: beforeunload event", source: https://www.upwork.com/ab/assets/JobProposals/a2db237/js/a60dfcb.js (16)
[206495:206495:0707/070947.390357:INFO:CONSOLE(1)] "Wed Jul 07 2021 07:09:47 GMT+0600 (Bangladesh Standard Time) Atmosphere: beforeunload event", source: https://assets.static-upwork.com/dash-api/1.2.0/dash-api.min.js (1)
[206495:206495:0707/070948.758290:INFO:CONSOLE(16)] "Wed Jul 07 2021 07:09:48 GMT+0600 (Bangladesh Standard Time) Atmosphere: unload event", source: https://www.upwork.com/ab/assets/JobProposals/a2db237/js/a60dfcb.js (16)
[206495:206495:0707/070948.758535:INFO:CONSOLE(1)] "Wed Jul 07 2021 07:09:48 GMT+0600 (Bangladesh Standard Time) Atmosphere: unload event", source: https://assets.static-upwork.com/dash-api/1.2.0/dash-api.min.js (1)
[206495:206495:0707/070948.771856:INFO:CONSOLE(0)] "Error with Feature-Policy header: Origin trial controlled feature not enabled: 'display-capture'.", source:  (0)
[206495:206495:0707/070948.773083:INFO:CONSOLE(0)] "Error with Feature-Policy header: Unrecognized feature: 'speaker'.", source:  (0)
[206495:206495:0707/070955.623679:INFO:CONSOLE(16)] "Wed Jul 07 2021 07:09:55 GMT+0600 (Bangladesh Standard Time) Atmosphere: beforeunload event", source: https://www.upwork.com/ab/assets/JobProposals/a2db237/js/a60dfcb.js (16)
[206495:206495:0707/070955.683940:INFO:CONSOLE(1)] "Wed Jul 07 2021 07:09:55 GMT+0600 (Bangladesh Standard Time) Atmosphere: beforeunload event", source: https://assets.static-upwork.com/dash-api/1.2.0/dash-api.min.js (1)
[206495:206495:0707/070956.599581:INFO:CONSOLE(16)] "Wed Jul 07 2021 07:09:56 GMT+0600 (Bangladesh Standard Time) Atmosphere: unload event", source: https://www.upwork.com/ab/assets/JobProposals/a2db237/js/a60dfcb.js (16)
[206495:206495:0707/070956.599722:INFO:CONSOLE(1)] "Wed Jul 07 2021 07:09:56 GMT+0600 (Bangladesh Standard Time) Atmosphere: unload event", source: https://assets.static-upwork.com/dash-api/1.2.0/dash-api.min.js (1)
[206495:206495:0707/070956.604400:INFO:CONSOLE(0)] "Error with Feature-Policy header: Origin trial controlled feature not enabled: 'display-capture'.", source:  (0)
[206495:206495:0707/070956.604473:INFO:CONSOLE(0)] "Error with Feature-Policy header: Unrecognized feature: 'speaker'.", source:  (0)
[206495:206495:0707/070957.635251:INFO:CONSOLE(0)] "Error with Feature-Policy header: Origin trial controlled feature not enabled: 'display-capture'.", source:  (0)
[206495:206495:0707/070957.635350:INFO:CONSOLE(0)] "Error with Feature-Policy header: Unrecognized feature: 'speaker'.", source:  (0)
[206495:206495:0707/070957.645116:INFO:CONSOLE(0)] "The page delivered both an 'X-Frame-Options' header and a 'Content-Security-Policy' header with a 'frame-ancestors' directive. Although the 'X-Frame-Options' header alone would have blocked embedding, it has been ignored.", source: https://www.upwork.com/messages/rooms/room_b0ef198f392271acd9d6bde3ec305810/widget?orgId=1382265571135848449#widget:room_b0ef198f392271acd9d6bde3ec305810:video,files (0)
[206495:206495:0707/070959.421624:INFO:CONSOLE(30453)] "SharedArrayBuffer will require cross-origin isolation as of M92, around July 2021. See https://developer.chrome.com/blog/enabling-shared-array-buffer/ for more details.", source: https://assets.static-upwork.com/nwp/rev-4070421/node_modules/twilio-video/dist/twilio-video.js?v=dash-4070421 (30453)
[206495:206495:0707/070959.662050:INFO:CONSOLE(1)] "Dash web client version: dash-4070421", source: https://assets.static-upwork.com/nwp/rev-4070421/components/common/common-run.js?v=dash-4070421 (1)
[206495:206495:0707/070959.663630:INFO:CONSOLE(1)] "camelCase syntax for events name (in $emit function) will be deprecated in a future release.
Please, make sure to use kebab-case syntax when emitting events from Vue.", source: https://assets.static-upwork.com/nwp/rev-4070421/node_modules/ngVue/build/index.js?v=dash-4070421 (1)
[206495:206495:0707/070959.676045:INFO:CONSOLE(1)] "Page is not currently visible. Initial room load metrics will be disregarded.", source: https://assets.static-upwork.com/nwp/rev-4070421/app.js?v=dash-4070421 (1)
[206495:206495:0707/070959.859298:INFO:CONSOLE(1)] "Intentionally excluded this load timing sample", source: https://assets.static-upwork.com/nwp/rev-4070421/bower_components/angular/angular.min.js?v=dash-4070421 (1)
[206495:206495:0707/071003.913433:INFO:CONSOLE(0)] "Error with Feature-Policy header: Origin trial controlled feature not enabled: 'display-capture'.", source:  (0)
[206495:206495:0707/071003.913653:INFO:CONSOLE(0)] "Error with Feature-Policy header: Unrecognized feature: 'speaker'.", source:  (0)
[206495:206495:0707/071003.940648:INFO:CONSOLE(0)] "Error with Feature-Policy header: Origin trial controlled feature not enabled: 'display-capture'.", source:  (0)
[206495:206495:0707/071003.940829:INFO:CONSOLE(0)] "Error with Feature-Policy header: Unrecognized feature: 'speaker'.", source:  (0)
[206495:206495:0707/071003.962320:INFO:CONSOLE(0)] "Error with Feature-Policy header: Origin trial controlled feature not enabled: 'display-capture'.", source:  (0)
[206495:206495:0707/071003.962549:INFO:CONSOLE(0)] "Error with Feature-Policy header: Unrecognized feature: 'speaker'.", source:  (0)
[206495:206495:0707/071003.987250:INFO:CONSOLE(0)] "Error with Feature-Policy header: Origin trial controlled feature not enabled: 'display-capture'.", source:  (0)
[206495:206495:0707/071003.987327:INFO:CONSOLE(0)] "Error with Feature-Policy header: Unrecognized feature: 'speaker'.", source:  (0)
[206495:206495:0707/071004.004304:INFO:CONSOLE(0)] "Error with Feature-Policy header: Origin trial controlled feature not enabled: 'display-capture'.", source:  (0)
[206495:206495:0707/071004.004549:INFO:CONSOLE(0)] "Error with Feature-Policy header: Unrecognized feature: 'speaker'.", source:  (0)
[206495:206495:0707/071004.015586:INFO:CONSOLE(0)] "Error with Feature-Policy header: Origin trial controlled feature not enabled: 'display-capture'.", source:  (0)
[206495:206495:0707/071004.015677:INFO:CONSOLE(0)] "Error with Feature-Policy header: Unrecognized feature: 'speaker'.", source:  (0)
[206495:206495:0707/071004.634118:INFO:CONSOLE(1)] "Getting Room using %s.getRoom upRoomApiWorker", source: https://assets.static-upwork.com/nwp/rev-4070421/components/room/room-api-service.js?v=dash-4070421 (1)
[206495:206495:0707/071005.680224:INFO:CONSOLE(1)] "preloading room users and stories...", source: https://assets.static-upwork.com/nwp/rev-4070421/rooms/rooms-controller.js?v=dash-4070421 (1)
[206495:206495:0707/071005.680336:INFO:CONSOLE(1)] "# rooms to be preloaded: %s of %s 20 1", source: https://assets.static-upwork.com/nwp/rev-4070421/rooms/rooms-controller.js?v=dash-4070421 (1)
[206495:206495:0707/071005.680573:INFO:CONSOLE(1)] "preloaded "%s" (%s/%s) Mark Mooradian 0 20", source: https://assets.static-upwork.com/nwp/rev-4070421/rooms/rooms-controller.js?v=dash-4070421 (1)
[206495:206495:0707/071006.251713:INFO:CONSOLE(16)] "Wed Jul 07 2021 07:10:06 GMT+0600 (Bangladesh Standard Time) Atmosphere: beforeunload event", source: https://www.upwork.com/ab/assets/JobProposals/a2db237/js/a60dfcb.js (16)
[206495:206495:0707/071006.378873:INFO:CONSOLE(1)] "Wed Jul 07 2021 07:10:06 GMT+0600 (Bangladesh Standard Time) Atmosphere: beforeunload event", source: https://assets.static-upwork.com/dash-api/1.2.0/dash-api.min.js (1)
[206495:206495:0707/071006.390895:INFO:CONSOLE(1)] "Wed Jul 07 2021 07:10:06 GMT+0600 (Bangladesh Standard Time) Atmosphere: beforeunload event", source: https://assets.static-upwork.com/nwp/rev-4070421/node_modules/atmosphere.js/lib/atmosphere.js?v=dash-4070421 (1)
[206495:206495:0707/071007.757603:INFO:CONSOLE(16)] "Wed Jul 07 2021 07:10:07 GMT+0600 (Bangladesh Standard Time) Atmosphere: unload event", source: https://www.upwork.com/ab/assets/JobProposals/a2db237/js/a60dfcb.js (16)
[206495:206495:0707/071007.757699:INFO:CONSOLE(1)] "Wed Jul 07 2021 07:10:07 GMT+0600 (Bangladesh Standard Time) Atmosphere: unload event", source: https://assets.static-upwork.com/dash-api/1.2.0/dash-api.min.js (1)
[206495:206495:0707/071007.758461:INFO:CONSOLE(1)] "Wed Jul 07 2021 07:10:07 GMT+0600 (Bangladesh Standard Time) Atmosphere: unload event", source: https://assets.static-upwork.com/nwp/rev-4070421/node_modules/atmosphere.js/lib/atmosphere.js?v=dash-4070421 (1)
[206495:206495:0707/071007.821988:INFO:CONSOLE(0)] "Error with Feature-Policy header: Origin trial controlled feature not enabled: 'display-capture'.", source:  (0)
[206495:206495:0707/071007.822118:INFO:CONSOLE(0)] "Error with Feature-Policy header: Unrecognized feature: 'speaker'.", source:  (0)
[206495:206495:0707/071014.864556:INFO:CONSOLE(16)] "Wed Jul 07 2021 07:10:14 GMT+0600 (Bangladesh Standard Time) Atmosphere: beforeunload event", source: https://www.upwork.com/ab/assets/JobProposals/a2db237/js/a60dfcb.js (16)
[206495:206495:0707/071014.873813:INFO:CONSOLE(1)] "Wed Jul 07 2021 07:10:14 GMT+0600 (Bangladesh Standard Time) Atmosphere: beforeunload event", source: https://assets.static-upwork.com/dash-api/1.2.0/dash-api.min.js (1)
[206495:206495:0707/071015.771152:INFO:CONSOLE(16)] "Wed Jul 07 2021 07:10:15 GMT+0600 (Bangladesh Standard Time) Atmosphere: unload event", source: https://www.upwork.com/ab/assets/JobProposals/a2db237/js/a60dfcb.js (16)
[206495:206495:0707/071015.771320:INFO:CONSOLE(1)] "Wed Jul 07 2021 07:10:15 GMT+0600 (Bangladesh Standard Time) Atmosphere: unload event", source: https://assets.static-upwork.com/dash-api/1.2.0/dash-api.min.js (1)
[206495:206495:0707/071015.786124:INFO:CONSOLE(0)] "Error with Feature-Policy header: Origin trial controlled feature not enabled: 'display-capture'.", source:  (0)
[206495:206495:0707/071015.786366:INFO:CONSOLE(0)] "Error with Feature-Policy header: Unrecognized feature: 'speaker'.", source:  (0)
[206495:206495:0707/071016.885049:INFO:CONSOLE(0)] "Error with Feature-Policy header: Origin trial controlled feature not enabled: 'display-capture'.", source:  (0)
[206495:206495:0707/071016.885262:INFO:CONSOLE(0)] "Error with Feature-Policy header: Unrecognized feature: 'speaker'.", source:  (0)
[206495:206495:0707/071016.893368:INFO:CONSOLE(0)] "The page delivered both an 'X-Frame-Options' header and a 'Content-Security-Policy' header with a 'frame-ancestors' directive. Although the 'X-Frame-Options' header alone would have blocked embedding, it has been ignored.", source: https://www.upwork.com/messages/rooms/room_ca4cb6ba5800ef6c806e58b13c5976bd/widget?orgId=1382265571135848449#widget:room_ca4cb6ba5800ef6c806e58b13c5976bd:video,files (0)
[206495:206495:0707/071018.409139:INFO:CONSOLE(30453)] "SharedArrayBuffer will require cross-origin isolation as of M92, around July 2021. See https://developer.chrome.com/blog/enabling-shared-array-buffer/ for more details.", source: https://assets.static-upwork.com/nwp/rev-4070421/node_modules/twilio-video/dist/twilio-video.js?v=dash-4070421 (30453)
[206495:206495:0707/071018.563259:INFO:CONSOLE(1)] "Dash web client version: dash-4070421", source: https://assets.static-upwork.com/nwp/rev-4070421/components/common/common-run.js?v=dash-4070421 (1)
[206495:206495:0707/071018.564388:INFO:CONSOLE(1)] "camelCase syntax for events name (in $emit function) will be deprecated in a future release.
Please, make sure to use kebab-case syntax when emitting events from Vue.", source: https://assets.static-upwork.com/nwp/rev-4070421/node_modules/ngVue/build/index.js?v=dash-4070421 (1)
[206495:206495:0707/071018.571524:INFO:CONSOLE(1)] "Page is not currently visible. Initial room load metrics will be disregarded.", source: https://assets.static-upwork.com/nwp/rev-4070421/app.js?v=dash-4070421 (1)
[206495:206495:0707/071021.940960:INFO:CONSOLE(0)] "Error with Feature-Policy header: Origin trial controlled feature not enabled: 'display-capture'.", source:  (0)
[206495:206495:0707/071021.941061:INFO:CONSOLE(0)] "Error with Feature-Policy header: Unrecognized feature: 'speaker'.", source:  (0)
[206495:206495:0707/071021.954330:INFO:CONSOLE(0)] "Error with Feature-Policy header: Origin trial controlled feature not enabled: 'display-capture'.", source:  (0)
[206495:206495:0707/071021.954431:INFO:CONSOLE(0)] "Error with Feature-Policy header: Unrecognized feature: 'speaker'.", source:  (0)
[206495:206495:0707/071021.983523:INFO:CONSOLE(0)] "Error with Feature-Policy header: Origin trial controlled feature not enabled: 'display-capture'.", source:  (0)
[206495:206495:0707/071021.983859:INFO:CONSOLE(0)] "Error with Feature-Policy header: Unrecognized feature: 'speaker'.", source:  (0)
[206495:206495:0707/071021.998153:INFO:CONSOLE(0)] "Error with Feature-Policy header: Origin trial controlled feature not enabled: 'display-capture'.", source:  (0)
[206495:206495:0707/071021.998317:INFO:CONSOLE(0)] "Error with Feature-Policy header: Unrecognized feature: 'speaker'.", source:  (0)
[206495:206495:0707/071022.018670:INFO:CONSOLE(0)] "Error with Feature-Policy header: Origin trial controlled feature not enabled: 'display-capture'.", source:  (0)
[206495:206495:0707/071022.018793:INFO:CONSOLE(0)] "Error with Feature-Policy header: Unrecognized feature: 'speaker'.", source:  (0)
[206495:206495:0707/071022.024265:INFO:CONSOLE(0)] "Error with Feature-Policy header: Origin trial controlled feature not enabled: 'display-capture'.", source:  (0)
[206495:206495:0707/071022.024435:INFO:CONSOLE(0)] "Error with Feature-Policy header: Unrecognized feature: 'speaker'.", source:  (0)
[206495:206495:0707/071022.634184:INFO:CONSOLE(1)] "Getting Room using %s.getRoom upRoomApiWorker", source: https://assets.static-upwork.com/nwp/rev-4070421/components/room/room-api-service.js?v=dash-4070421 (1)
[206495:206495:0707/071023.699679:INFO:CONSOLE(1)] "preloading room users and stories...", source: https://assets.static-upwork.com/nwp/rev-4070421/rooms/rooms-controller.js?v=dash-4070421 (1)
[206495:206495:0707/071023.699847:INFO:CONSOLE(1)] "# rooms to be preloaded: %s of %s 20 1", source: https://assets.static-upwork.com/nwp/rev-4070421/rooms/rooms-controller.js?v=dash-4070421 (1)
[206495:206495:0707/071023.699923:INFO:CONSOLE(1)] "preloaded "%s" (%s/%s) Sebastian Gross 0 20", source: https://assets.static-upwork.com/nwp/rev-4070421/rooms/rooms-controller.js?v=dash-4070421 (1)
[206495:206495:0707/071024.003706:INFO:CONSOLE(16)] "Wed Jul 07 2021 07:10:23 GMT+0600 (Bangladesh Standard Time) Atmosphere: beforeunload event", source: https://www.upwork.com/ab/assets/JobProposals/a2db237/js/a60dfcb.js (16)
[206495:206495:0707/071024.117934:INFO:CONSOLE(1)] "Wed Jul 07 2021 07:10:24 GMT+0600 (Bangladesh Standard Time) Atmosphere: beforeunload event", source: https://assets.static-upwork.com/dash-api/1.2.0/dash-api.min.js (1)
[206495:206495:0707/071024.127292:INFO:CONSOLE(1)] "Wed Jul 07 2021 07:10:24 GMT+0600 (Bangladesh Standard Time) Atmosphere: beforeunload event", source: https://assets.static-upwork.com/nwp/rev-4070421/node_modules/atmosphere.js/lib/atmosphere.js?v=dash-4070421 (1)
[206495:206495:0707/071025.213928:INFO:CONSOLE(16)] "Wed Jul 07 2021 07:10:25 GMT+0600 (Bangladesh Standard Time) Atmosphere: unload event", source: https://www.upwork.com/ab/assets/JobProposals/a2db237/js/a60dfcb.js (16)
[206495:206495:0707/071025.214022:INFO:CONSOLE(1)] "Wed Jul 07 2021 07:10:25 GMT+0600 (Bangladesh Standard Time) Atmosphere: unload event", source: https://assets.static-upwork.com/dash-api/1.2.0/dash-api.min.js (1)
[206495:206495:0707/071025.217298:INFO:CONSOLE(1)] "Wed Jul 07 2021 07:10:25 GMT+0600 (Bangladesh Standard Time) Atmosphere: unload event", source: https://assets.static-upwork.com/nwp/rev-4070421/node_modules/atmosphere.js/lib/atmosphere.js?v=dash-4070421 (1)
[206495:206495:0707/071025.295733:INFO:CONSOLE(0)] "Error with Feature-Policy header: Origin trial controlled feature not enabled: 'display-capture'.", source:  (0)
[206495:206495:0707/071025.295800:INFO:CONSOLE(0)] "Error with Feature-Policy header: Unrecognized feature: 'speaker'.", source:  (0)
[206495:206495:0707/071031.621241:INFO:CONSOLE(16)] "Wed Jul 07 2021 07:10:31 GMT+0600 (Bangladesh Standard Time) Atmosphere: beforeunload event", source: https://www.upwork.com/ab/assets/JobProposals/a2db237/js/a60dfcb.js (16)
[206495:206495:0707/071031.723519:INFO:CONSOLE(1)] "Wed Jul 07 2021 07:10:31 GMT+0600 (Bangladesh Standard Time) Atmosphere: beforeunload event", source: https://assets.static-upwork.com/dash-api/1.2.0/dash-api.min.js (1)
[206495:206495:0707/071032.632102:INFO:CONSOLE(16)] "Wed Jul 07 2021 07:10:32 GMT+0600 (Bangladesh Standard Time) Atmosphere: unload event", source: https://www.upwork.com/ab/assets/JobProposals/a2db237/js/a60dfcb.js (16)
[206495:206495:0707/071032.632228:INFO:CONSOLE(1)] "Wed Jul 07 2021 07:10:32 GMT+0600 (Bangladesh Standard Time) Atmosphere: unload event", source: https://assets.static-upwork.com/dash-api/1.2.0/dash-api.min.js (1)
[206495:206495:0707/071032.647638:INFO:CONSOLE(0)] "Error with Feature-Policy header: Origin trial controlled feature not enabled: 'display-capture'.", source:  (0)
[206495:206495:0707/071032.647807:INFO:CONSOLE(0)] "Error with Feature-Policy header: Unrecognized feature: 'speaker'.", source:  (0)
[206495:206495:0707/071039.736536:INFO:CONSOLE(16)] "Wed Jul 07 2021 07:10:39 GMT+0600 (Bangladesh Standard Time) Atmosphere: beforeunload event", source: https://www.upwork.com/ab/assets/JobProposals/a2db237/js/a60dfcb.js (16)
[206495:206495:0707/071039.847365:INFO:CONSOLE(1)] "Wed Jul 07 2021 07:10:39 GMT+0600 (Bangladesh Standard Time) Atmosphere: beforeunload event", source: https://assets.static-upwork.com/dash-api/1.2.0/dash-api.min.js (1)
[206495:206495:0707/071040.727336:INFO:CONSOLE(16)] "Wed Jul 07 2021 07:10:40 GMT+0600 (Bangladesh Standard Time) Atmosphere: unload event", source: https://www.upwork.com/ab/assets/JobProposals/a2db237/js/a60dfcb.js (16)
[206495:206495:0707/071040.727437:INFO:CONSOLE(1)] "Wed Jul 07 2021 07:10:40 GMT+0600 (Bangladesh Standard Time) Atmosphere: unload event", source: https://assets.static-upwork.com/dash-api/1.2.0/dash-api.min.js (1)
[206495:206495:0707/071040.731964:INFO:CONSOLE(0)] "Error with Feature-Policy header: Origin trial controlled feature not enabled: 'display-capture'.", source:  (0)
[206495:206495:0707/071040.732045:INFO:CONSOLE(0)] "Error with Feature-Policy header: Unrecognized feature: 'speaker'.", source:  (0)
[206495:206495:0707/071041.789984:INFO:CONSOLE(0)] "Error with Feature-Policy header: Origin trial controlled feature not enabled: 'display-capture'.", source:  (0)
[206495:206495:0707/071041.790179:INFO:CONSOLE(0)] "Error with Feature-Policy header: Unrecognized feature: 'speaker'.", source:  (0)
[206495:206495:0707/071041.794882:INFO:CONSOLE(0)] "The page delivered both an 'X-Frame-Options' header and a 'Content-Security-Policy' header with a 'frame-ancestors' directive. Although the 'X-Frame-Options' header alone would have blocked embedding, it has been ignored.", source: https://www.upwork.com/messages/rooms/room_02656bc744205e4af569771c57342788/widget?orgId=1382265571135848449#widget:room_02656bc744205e4af569771c57342788:video,files (0)
[206495:206495:0707/071043.362908:INFO:CONSOLE(30453)] "SharedArrayBuffer will require cross-origin isolation as of M92, around July 2021. See https://developer.chrome.com/blog/enabling-shared-array-buffer/ for more details.", source: https://assets.static-upwork.com/nwp/rev-4070421/node_modules/twilio-video/dist/twilio-video.js?v=dash-4070421 (30453)
[206495:206495:0707/071043.605844:INFO:CONSOLE(1)] "Dash web client version: dash-4070421", source: https://assets.static-upwork.com/nwp/rev-4070421/components/common/common-run.js?v=dash-4070421 (1)
[206495:206495:0707/071043.606887:INFO:CONSOLE(1)] "camelCase syntax for events name (in $emit function) will be deprecated in a future release.
Please, make sure to use kebab-case syntax when emitting events from Vue.", source: https://assets.static-upwork.com/nwp/rev-4070421/node_modules/ngVue/build/index.js?v=dash-4070421 (1)
[206495:206495:0707/071043.621136:INFO:CONSOLE(1)] "Page is not currently visible. Initial room load metrics will be disregarded.", source: https://assets.static-upwork.com/nwp/rev-4070421/app.js?v=dash-4070421 (1)
[206495:206495:0707/071043.813512:INFO:CONSOLE(1)] "Intentionally excluded this load timing sample", source: https://assets.static-upwork.com/nwp/rev-4070421/bower_components/angular/angular.min.js?v=dash-4070421 (1)
[206495:206495:0707/071046.921963:INFO:CONSOLE(0)] "Error with Feature-Policy header: Origin trial controlled feature not enabled: 'display-capture'.", source:  (0)
[206495:206495:0707/071046.922068:INFO:CONSOLE(0)] "Error with Feature-Policy header: Unrecognized feature: 'speaker'.", source:  (0)
[206495:206495:0707/071046.948736:INFO:CONSOLE(0)] "Error with Feature-Policy header: Origin trial controlled feature not enabled: 'display-capture'.", source:  (0)
[206495:206495:0707/071046.948832:INFO:CONSOLE(0)] "Error with Feature-Policy header: Unrecognized feature: 'speaker'.", source:  (0)
[206495:206495:0707/071046.956112:INFO:CONSOLE(0)] "Error with Feature-Policy header: Origin trial controlled feature not enabled: 'display-capture'.", source:  (0)
[206495:206495:0707/071046.956208:INFO:CONSOLE(0)] "Error with Feature-Policy header: Unrecognized feature: 'speaker'.", source:  (0)
[206495:206495:0707/071046.960723:INFO:CONSOLE(0)] "Error with Feature-Policy header: Origin trial controlled feature not enabled: 'display-capture'.", source:  (0)
[206495:206495:0707/071046.963372:INFO:CONSOLE(0)] "Error with Feature-Policy header: Unrecognized feature: 'speaker'.", source:  (0)
[206495:206495:0707/071046.973643:INFO:CONSOLE(0)] "Error with Feature-Policy header: Origin trial controlled feature not enabled: 'display-capture'.", source:  (0)
[206495:206495:0707/071046.973747:INFO:CONSOLE(0)] "Error with Feature-Policy header: Unrecognized feature: 'speaker'.", source:  (0)
[206495:206495:0707/071046.980533:INFO:CONSOLE(0)] "Error with Feature-Policy header: Origin trial controlled feature not enabled: 'display-capture'.", source:  (0)
[206495:206495:0707/071046.980670:INFO:CONSOLE(0)] "Error with Feature-Policy header: Unrecognized feature: 'speaker'.", source:  (0)
[206495:206495:0707/071047.572622:INFO:CONSOLE(1)] "Getting Room using %s.getRoom upRoomApiWorker", source: https://assets.static-upwork.com/nwp/rev-4070421/components/room/room-api-service.js?v=dash-4070421 (1)
[206495:206495:0707/071048.611945:INFO:CONSOLE(1)] "preloading room users and stories...", source: https://assets.static-upwork.com/nwp/rev-4070421/rooms/rooms-controller.js?v=dash-4070421 (1)
[206495:206495:0707/071048.612631:INFO:CONSOLE(1)] "# rooms to be preloaded: %s of %s 20 1", source: https://assets.static-upwork.com/nwp/rev-4070421/rooms/rooms-controller.js?v=dash-4070421 (1)
[206495:206495:0707/071048.616060:INFO:CONSOLE(1)] "preloaded "%s" (%s/%s) Rakibul Yeasin, Dregyur 0 20", source: https://assets.static-upwork.com/nwp/rev-4070421/rooms/rooms-controller.js?v=dash-4070421 (1)
[206495:206495:0707/071058.218337:INFO:CONSOLE(16)] "Wed Jul 07 2021 07:10:58 GMT+0600 (Bangladesh Standard Time) Atmosphere: beforeunload event", source: https://www.upwork.com/ab/assets/JobProposals/a2db237/js/a60dfcb.js (16)
[206495:206495:0707/071058.226983:INFO:CONSOLE(1)] "Wed Jul 07 2021 07:10:58 GMT+0600 (Bangladesh Standard Time) Atmosphere: beforeunload event", source: https://assets.static-upwork.com/dash-api/1.2.0/dash-api.min.js (1)
[206495:206495:0707/071058.235329:INFO:CONSOLE(1)] "Wed Jul 07 2021 07:10:58 GMT+0600 (Bangladesh Standard Time) Atmosphere: beforeunload event", source: https://assets.static-upwork.com/nwp/rev-4070421/node_modules/atmosphere.js/lib/atmosphere.js?v=dash-4070421 (1)
[206495:206495:0707/071059.294457:INFO:CONSOLE(16)] "Wed Jul 07 2021 07:10:59 GMT+0600 (Bangladesh Standard Time) Atmosphere: unload event", source: https://www.upwork.com/ab/assets/JobProposals/a2db237/js/a60dfcb.js (16)
[206495:206495:0707/071059.294549:INFO:CONSOLE(1)] "Wed Jul 07 2021 07:10:59 GMT+0600 (Bangladesh Standard Time) Atmosphere: unload event", source: https://assets.static-upwork.com/dash-api/1.2.0/dash-api.min.js (1)
[206495:206495:0707/071059.298523:INFO:CONSOLE(1)] "Wed Jul 07 2021 07:10:59 GMT+0600 (Bangladesh Standard Time) Atmosphere: unload event", source: https://assets.static-upwork.com/nwp/rev-4070421/node_modules/atmosphere.js/lib/atmosphere.js?v=dash-4070421 (1)
[206495:206495:0707/071059.382763:INFO:CONSOLE(0)] "Error with Feature-Policy header: Origin trial controlled feature not enabled: 'display-capture'.", source:  (0)
[206495:206495:0707/071059.382946:INFO:CONSOLE(0)] "Error with Feature-Policy header: Unrecognized feature: 'speaker'.", source:  (0)
[206495:206495:0707/071106.158151:INFO:CONSOLE(16)] "Wed Jul 07 2021 07:11:06 GMT+0600 (Bangladesh Standard Time) Atmosphere: beforeunload event", source: https://www.upwork.com/ab/assets/JobProposals/a2db237/js/a60dfcb.js (16)
[206495:206495:0707/071106.271677:INFO:CONSOLE(1)] "Wed Jul 07 2021 07:11:06 GMT+0600 (Bangladesh Standard Time) Atmosphere: beforeunload event", source: https://assets.static-upwork.com/dash-api/1.2.0/dash-api.min.js (1)
[206495:206495:0707/071107.198842:INFO:CONSOLE(16)] "Wed Jul 07 2021 07:11:07 GMT+0600 (Bangladesh Standard Time) Atmosphere: unload event", source: https://www.upwork.com/ab/assets/JobProposals/a2db237/js/a60dfcb.js (16)
[206495:206495:0707/071107.198931:INFO:CONSOLE(1)] "Wed Jul 07 2021 07:11:07 GMT+0600 (Bangladesh Standard Time) Atmosphere: unload event", source: https://assets.static-upwork.com/dash-api/1.2.0/dash-api.min.js (1)
[206495:206495:0707/071107.208379:INFO:CONSOLE(0)] "Error with Feature-Policy header: Origin trial controlled feature not enabled: 'display-capture'.", source:  (0)
[206495:206495:0707/071107.208532:INFO:CONSOLE(0)] "Error with Feature-Policy header: Unrecognized feature: 'speaker'.", source:  (0)
[206495:206495:0707/071114.192360:INFO:CONSOLE(16)] "Wed Jul 07 2021 07:11:14 GMT+0600 (Bangladesh Standard Time) Atmosphere: beforeunload event", source: https://www.upwork.com/ab/assets/JobProposals/a2db237/js/a60dfcb.js (16)
[206495:206495:0707/071114.202369:INFO:CONSOLE(1)] "Wed Jul 07 2021 07:11:14 GMT+0600 (Bangladesh Standard Time) Atmosphere: beforeunload event", source: https://assets.static-upwork.com/dash-api/1.2.0/dash-api.min.js (1)
[206495:206495:0707/071115.133730:INFO:CONSOLE(16)] "Wed Jul 07 2021 07:11:15 GMT+0600 (Bangladesh Standard Time) Atmosphere: unload event", source: https://www.upwork.com/ab/assets/JobProposals/a2db237/js/a60dfcb.js (16)
[206495:206495:0707/071115.133823:INFO:CONSOLE(1)] "Wed Jul 07 2021 07:11:15 GMT+0600 (Bangladesh Standard Time) Atmosphere: unload event", source: https://assets.static-upwork.com/dash-api/1.2.0/dash-api.min.js (1)
[206495:206495:0707/071115.147915:INFO:CONSOLE(0)] "Error with Feature-Policy header: Origin trial controlled feature not enabled: 'display-capture'.", source:  (0)
[206495:206495:0707/071115.147992:INFO:CONSOLE(0)] "Error with Feature-Policy header: Unrecognized feature: 'speaker'.", source:  (0)
[206495:206495:0707/071121.061113:INFO:CONSOLE(16)] "Wed Jul 07 2021 07:11:21 GMT+0600 (Bangladesh Standard Time) Atmosphere: beforeunload event", source: https://www.upwork.com/ab/assets/JobProposals/a2db237/js/a60dfcb.js (16)
[206495:206495:0707/071121.165118:INFO:CONSOLE(1)] "Wed Jul 07 2021 07:11:21 GMT+0600 (Bangladesh Standard Time) Atmosphere: beforeunload event", source: https://assets.static-upwork.com/dash-api/1.2.0/dash-api.min.js (1)
[206495:206495:0707/071122.111910:INFO:CONSOLE(16)] "Wed Jul 07 2021 07:11:22 GMT+0600 (Bangladesh Standard Time) Atmosphere: unload event", source: https://www.upwork.com/ab/assets/JobProposals/a2db237/js/a60dfcb.js (16)
[206495:206495:0707/071122.112019:INFO:CONSOLE(1)] "Wed Jul 07 2021 07:11:22 GMT+0600 (Bangladesh Standard Time) Atmosphere: unload event", source: https://assets.static-upwork.com/dash-api/1.2.0/dash-api.min.js (1)
[206495:206495:0707/071122.126405:INFO:CONSOLE(0)] "Error with Feature-Policy header: Origin trial controlled feature not enabled: 'display-capture'.", source:  (0)
[206495:206495:0707/071122.126489:INFO:CONSOLE(0)] "Error with Feature-Policy header: Unrecognized feature: 'speaker'.", source:  (0)
[206523:206523:0707/071122.130706:WARNING:ipc_message_attachment_set.cc(49)] MessageAttachmentSet destroyed with unconsumed attachments: 0/1
[206495:206495:0707/071128.416507:INFO:CONSOLE(16)] "Wed Jul 07 2021 07:11:28 GMT+0600 (Bangladesh Standard Time) Atmosphere: beforeunload event", source: https://www.upwork.com/ab/assets/JobProposals/a2db237/js/a60dfcb.js (16)
[206495:206495:0707/071128.529508:INFO:CONSOLE(1)] "Wed Jul 07 2021 07:11:28 GMT+0600 (Bangladesh Standard Time) Atmosphere: beforeunload event", source: https://assets.static-upwork.com/dash-api/1.2.0/dash-api.min.js (1)
[206495:206495:0707/071129.608532:INFO:CONSOLE(16)] "Wed Jul 07 2021 07:11:29 GMT+0600 (Bangladesh Standard Time) Atmosphere: unload event", source: https://www.upwork.com/ab/assets/JobProposals/a2db237/js/a60dfcb.js (16)
[206495:206495:0707/071129.608707:INFO:CONSOLE(1)] "Wed Jul 07 2021 07:11:29 GMT+0600 (Bangladesh Standard Time) Atmosphere: unload event", source: https://assets.static-upwork.com/dash-api/1.2.0/dash-api.min.js (1)
[206495:206495:0707/071129.621045:INFO:CONSOLE(0)] "Error with Feature-Policy header: Origin trial controlled feature not enabled: 'display-capture'.", source:  (0)
[206495:206495:0707/071129.621126:INFO:CONSOLE(0)] "Error with Feature-Policy header: Unrecognized feature: 'speaker'.", source:  (0)
[206495:206495:0707/071130.729476:INFO:CONSOLE(0)] "Error with Feature-Policy header: Origin trial controlled feature not enabled: 'display-capture'.", source:  (0)
[206495:206495:0707/071130.729554:INFO:CONSOLE(0)] "Error with Feature-Policy header: Unrecognized feature: 'speaker'.", source:  (0)
[206495:206495:0707/071130.734055:INFO:CONSOLE(0)] "The page delivered both an 'X-Frame-Options' header and a 'Content-Security-Policy' header with a 'frame-ancestors' directive. Although the 'X-Frame-Options' header alone would have blocked embedding, it has been ignored.", source: https://www.upwork.com/messages/rooms/room_b0ef198f392271acd9d6bde3ec305810/widget?orgId=1382265571135848449#widget:room_b0ef198f392271acd9d6bde3ec305810:video,files (0)
[206495:206495:0707/071132.339810:INFO:CONSOLE(30453)] "SharedArrayBuffer will require cross-origin isolation as of M92, around July 2021. See https://developer.chrome.com/blog/enabling-shared-array-buffer/ for more details.", source: https://assets.static-upwork.com/nwp/rev-4070421/node_modules/twilio-video/dist/twilio-video.js?v=dash-4070421 (30453)
[206495:206495:0707/071132.554599:INFO:CONSOLE(1)] "Dash web client version: dash-4070421", source: https://assets.static-upwork.com/nwp/rev-4070421/components/common/common-run.js?v=dash-4070421 (1)
[206495:206495:0707/071132.556103:INFO:CONSOLE(1)] "camelCase syntax for events name (in $emit function) will be deprecated in a future release.
Please, make sure to use kebab-case syntax when emitting events from Vue.", source: https://assets.static-upwork.com/nwp/rev-4070421/node_modules/ngVue/build/index.js?v=dash-4070421 (1)
[206495:206495:0707/071132.570149:INFO:CONSOLE(1)] "Page is not currently visible. Initial room load metrics will be disregarded.", source: https://assets.static-upwork.com/nwp/rev-4070421/app.js?v=dash-4070421 (1)
